app/build/intermediates/manifest_merge_blame_file/debug/manifest-merger-blame-debug-report.txt
1<?xml version="1.0" encoding="utf-8"?>
2<manifest xmlns:android="http://schemas.android.com/apk/res/android"
3    package="com.HBuilder.UniPlugin"
4    android:versionCode="1"
5    android:versionName="1.0" >
6
7    <uses-sdk
8        android:minSdkVersion="19"
8-->src\main\AndroidManifest.xml
9        android:targetSdkVersion="26" />
9-->src\main\AndroidManifest.xml
10
11    <supports-screens
11-->src\main\AndroidManifest.xml:5:5-10:39
12        android:anyDensity="true"
12-->src\main\AndroidManifest.xml:6:9-34
13        android:largeScreens="true"
13-->src\main\AndroidManifest.xml:7:9-36
14        android:normalScreens="true"
14-->src\main\AndroidManifest.xml:8:9-37
15        android:resizeable="true"
15-->src\main\AndroidManifest.xml:9:9-34
16        android:smallScreens="true" />
16-->src\main\AndroidManifest.xml:10:9-36
17
18    <!-- Barcode(二维码)  begin -->
19    <uses-permission android:name="android.permission.CAMERA" />
19-->src\main\AndroidManifest.xml:13:5-65
19-->src\main\AndroidManifest.xml:13:22-62
20    <uses-permission android:name="android.permission.WRITE_EXTERNAL_STORAGE" />
20-->src\main\AndroidManifest.xml:14:5-81
20-->src\main\AndroidManifest.xml:14:22-78
21
22    <uses-feature android:name="android.hardware.camera" />
22-->src\main\AndroidManifest.xml:16:5-60
22-->src\main\AndroidManifest.xml:16:19-57
23    <uses-feature android:name="android.hardware.camera.autofocus" />
23-->src\main\AndroidManifest.xml:17:5-70
23-->src\main\AndroidManifest.xml:17:19-67
24
25    <uses-permission android:name="android.permission.VIBRATE" />
25-->src\main\AndroidManifest.xml:19:5-66
25-->src\main\AndroidManifest.xml:19:22-63
26    <uses-permission android:name="android.permission.FLASHLIGHT" />
26-->src\main\AndroidManifest.xml:20:5-69
26-->src\main\AndroidManifest.xml:20:22-66
27    <uses-permission android:name="android.permission.INTERNET" />
27-->[lib.5plus.base-release.aar] AndroidManifest.xml:17:5-67
27-->[lib.5plus.base-release.aar] AndroidManifest.xml:17:22-64
28    <uses-permission android:name="android.permission.ACCESS_NETWORK_STATE" />
28-->[lib.5plus.base-release.aar] AndroidManifest.xml:18:5-79
28-->[lib.5plus.base-release.aar] AndroidManifest.xml:18:22-76
29    <!--
30    <uses-permission
31        android:name="com.android.launcher.permission.UNINSTALL_SHORTCUT" />
32    -->
33    <!-- 华为修改角标需要设置权限 -->
34    <uses-permission android:name="com.huawei.android.launcher.permission.CHANGE_BADGE" />
34-->[lib.5plus.base-release.aar] AndroidManifest.xml:24:5-91
34-->[lib.5plus.base-release.aar] AndroidManifest.xml:24:22-88
35    <uses-permission android:name="android.permission.READ_EXTERNAL_STORAGE" />
36    <uses-permission android:name="android.permission.READ_PHONE_STATE" />
36-->[msa_mdid_1.0.13.aar] AndroidManifest.xml:5:5-75
36-->[msa_mdid_1.0.13.aar] AndroidManifest.xml:5:22-72
37    <uses-permission android:name="com.asus.msa.SupplementaryDID.ACCESS" /> <!-- Barcode(二维码)  end -->
37-->[msa_mdid_1.0.13.aar] AndroidManifest.xml:8:5-76
37-->[msa_mdid_1.0.13.aar] AndroidManifest.xml:8:22-73
38    <application
38-->src\main\AndroidManifest.xml:23:5-94:19
39        android:name="io.dcloud.application.DCloudApplication"
39-->src\main\AndroidManifest.xml:24:9-63
40        android:allowBackup="true"
40-->src\main\AndroidManifest.xml:25:9-35
41        android:allowClearUserData="true"
41-->src\main\AndroidManifest.xml:26:9-42
42        android:appComponentFactory="android.support.v4.app.CoreComponentFactory"
42-->[com.android.support:support-compat:28.0.0] AndroidManifest.xml:22:18-91
43        android:debuggable="true"
43-->src\main\AndroidManifest.xml:30:9-34
44        android:icon="@drawable/icon"
44-->src\main\AndroidManifest.xml:27:9-38
45        android:label="@string/app_name"
45-->src\main\AndroidManifest.xml:28:9-41
46        android:largeHeap="true"
46-->src\main\AndroidManifest.xml:29:9-33
47        android:supportsRtl="true"
47-->src\main\AndroidManifest.xml:31:9-35
48        android:testOnly="true"
49        android:usesCleartextTraffic="true" >
49-->[lib.5plus.base-release.aar] AndroidManifest.xml:159:9-44
50
51        <!-- 应用入口 -->
52        <activity
52-->src\main\AndroidManifest.xml:34:9-56:20
53            android:name="io.dcloud.PandoraEntry"
53-->src\main\AndroidManifest.xml:35:13-50
54            android:configChanges="orientation|keyboardHidden|screenSize|mcc|mnc|fontScale"
54-->src\main\AndroidManifest.xml:37:13-92
55            android:hardwareAccelerated="true"
55-->src\main\AndroidManifest.xml:38:13-47
56            android:theme="@style/TranslucentTheme"
56-->src\main\AndroidManifest.xml:36:13-52
57            android:windowSoftInputMode="adjustResize" >
57-->src\main\AndroidManifest.xml:39:13-55
58            <intent-filter>
58-->src\main\AndroidManifest.xml:40:13-46:29
59                <data android:scheme="hbuilder" />
59-->src\main\AndroidManifest.xml:41:17-50
59-->src\main\AndroidManifest.xml:41:23-48
60
61                <action android:name="android.intent.action.VIEW" />
61-->src\main\AndroidManifest.xml:42:17-68
61-->src\main\AndroidManifest.xml:42:25-66
62
63                <category android:name="android.intent.category.DEFAULT" />
63-->src\main\AndroidManifest.xml:44:17-75
63-->src\main\AndroidManifest.xml:44:27-73
64                <category android:name="android.intent.category.BROWSABLE" />
64-->src\main\AndroidManifest.xml:45:17-77
64-->src\main\AndroidManifest.xml:45:27-75
65            </intent-filter>
66            <intent-filter>
66-->src\main\AndroidManifest.xml:47:13-51:29
67                <data android:mimeType="image/*" />
67-->src\main\AndroidManifest.xml:41:17-50
67-->src\main\AndroidManifest.xml:48:23-49
68
69                <action android:name="android.intent.action.SEND" />
69-->src\main\AndroidManifest.xml:49:17-68
69-->src\main\AndroidManifest.xml:49:25-66
70
71                <category android:name="android.intent.category.DEFAULT" />
71-->src\main\AndroidManifest.xml:44:17-75
71-->src\main\AndroidManifest.xml:44:27-73
72            </intent-filter>
73            <intent-filter>
73-->src\main\AndroidManifest.xml:52:13-55:29
74                <action android:name="android.intent.action.MAIN" />
74-->src\main\AndroidManifest.xml:53:17-68
74-->src\main\AndroidManifest.xml:53:25-66
75
76                <category android:name="android.intent.category.LAUNCHER" />
76-->src\main\AndroidManifest.xml:54:17-76
76-->src\main\AndroidManifest.xml:54:27-74
77            </intent-filter>
78        </activity>
79
80        <meta-data
80-->src\main\AndroidManifest.xml:57:9-58:35
81            android:name="dcloud_uninview_background"
81-->src\main\AndroidManifest.xml:57:20-61
82            android:value="true" />
82-->src\main\AndroidManifest.xml:58:13-33
83
84        <activity
84-->src\main\AndroidManifest.xml:60:9-84:20
85            android:name="io.dcloud.PandoraEntryActivity"
85-->src\main\AndroidManifest.xml:61:13-58
86            android:configChanges="orientation|keyboardHidden|screenSize|mcc|mnc|fontScale|keyboard"
86-->src\main\AndroidManifest.xml:63:13-101
87            android:hardwareAccelerated="true"
87-->src\main\AndroidManifest.xml:64:13-47
88            android:launchMode="singleTask"
88-->src\main\AndroidManifest.xml:62:13-44
89            android:permission="com.miui.securitycenter.permission.AppPermissionsEditor"
89-->src\main\AndroidManifest.xml:65:13-89
90            android:screenOrientation="user"
90-->src\main\AndroidManifest.xml:66:13-45
91            android:theme="@style/DCloudTheme"
91-->src\main\AndroidManifest.xml:67:13-47
92            android:windowSoftInputMode="adjustResize" >
92-->src\main\AndroidManifest.xml:68:13-55
93            <intent-filter>
93-->src\main\AndroidManifest.xml:70:13-83:29
94                <category android:name="android.intent.category.DEFAULT" />
94-->src\main\AndroidManifest.xml:44:17-75
94-->src\main\AndroidManifest.xml:44:27-73
95                <category android:name="android.intent.category.BROWSABLE" />
95-->src\main\AndroidManifest.xml:45:17-77
95-->src\main\AndroidManifest.xml:45:27-75
96
97                <action android:name="android.intent.action.VIEW" />
97-->src\main\AndroidManifest.xml:42:17-68
97-->src\main\AndroidManifest.xml:42:25-66
98
99                <data android:scheme="h56131bcf" />
99-->src\main\AndroidManifest.xml:41:17-50
99-->src\main\AndroidManifest.xml:41:23-48
100            </intent-filter>
101        </activity>
102
103        <provider
103-->src\main\AndroidManifest.xml:85:9-93:20
104            android:name="io.dcloud.common.util.DCloud_FileProvider"
104-->src\main\AndroidManifest.xml:86:13-69
105            android:authorities="com.HBuilder.UniPlugin.dc.fileprovider"
105-->src\main\AndroidManifest.xml:87:13-73
106            android:exported="false"
106-->src\main\AndroidManifest.xml:88:13-37
107            android:grantUriPermissions="true" >
107-->src\main\AndroidManifest.xml:89:13-47
108            <meta-data
108-->src\main\AndroidManifest.xml:90:13-92:64
109                android:name="android.support.FILE_PROVIDER_PATHS"
109-->src\main\AndroidManifest.xml:91:17-67
110                android:resource="@xml/dcloud_file_provider" />
110-->src\main\AndroidManifest.xml:92:17-61
111        </provider>
112
113        <service
113-->[lib.5plus.base-release.aar] AndroidManifest.xml:160:9-162:40
114            android:name="io.dcloud.common.adapter.io.MiniServerService"
114-->[lib.5plus.base-release.aar] AndroidManifest.xml:161:13-73
115            android:exported="false" />
115-->[lib.5plus.base-release.aar] AndroidManifest.xml:162:13-37
116
117        <receiver
117-->[lib.5plus.base-release.aar] AndroidManifest.xml:164:9-170:20
118            android:name="io.dcloud.common.adapter.io.PushReceiver"
118-->[lib.5plus.base-release.aar] AndroidManifest.xml:165:13-68
119            android:exported="false" >
119-->[lib.5plus.base-release.aar] AndroidManifest.xml:166:13-37
120            <intent-filter>
120-->[lib.5plus.base-release.aar] AndroidManifest.xml:167:13-169:29
121                <action android:name="dcloud.push.broswer" />
121-->[lib.5plus.base-release.aar] AndroidManifest.xml:168:17-62
121-->[lib.5plus.base-release.aar] AndroidManifest.xml:168:25-59
122            </intent-filter>
123        </receiver>
124
125        <activity
125-->[lib.5plus.base-release.aar] AndroidManifest.xml:172:9-175:40
126            android:name="io.dcloud.imagepick.CustomGalleryActivity"
126-->[lib.5plus.base-release.aar] AndroidManifest.xml:173:13-69
127            android:exported="false"
127-->[lib.5plus.base-release.aar] AndroidManifest.xml:174:13-37
128            android:noHistory="true" />
128-->[lib.5plus.base-release.aar] AndroidManifest.xml:175:13-37
129        <activity
129-->[lib.5plus.base-release.aar] AndroidManifest.xml:176:9-180:58
130            android:name="io.dcloud.feature.nativeObj.photoview.PhotoActivity"
130-->[lib.5plus.base-release.aar] AndroidManifest.xml:177:13-79
131            android:exported="false"
131-->[lib.5plus.base-release.aar] AndroidManifest.xml:178:13-37
132            android:noHistory="false"
132-->[lib.5plus.base-release.aar] AndroidManifest.xml:179:13-38
133            android:theme="@style/DeviceDefault.Light" />
133-->[lib.5plus.base-release.aar] AndroidManifest.xml:180:13-55
134        <activity
134-->[lib.5plus.base-release.aar] AndroidManifest.xml:181:9-191:58
135            android:name="io.dcloud.WebAppActivity"
135-->[lib.5plus.base-release.aar] AndroidManifest.xml:182:13-52
136            android:configChanges="orientation|keyboardHidden|screenSize|mcc|mnc|fontScale"
136-->[lib.5plus.base-release.aar] AndroidManifest.xml:183:13-92
137            android:hardwareAccelerated="true"
137-->[lib.5plus.base-release.aar] AndroidManifest.xml:184:13-47
138            android:icon="@drawable/dcloud_recent"
138-->[lib.5plus.base-release.aar] AndroidManifest.xml:185:13-51
139            android:label="@string/stream_my"
139-->[lib.5plus.base-release.aar] AndroidManifest.xml:186:13-46
140            android:launchMode="singleTask"
140-->[lib.5plus.base-release.aar] AndroidManifest.xml:187:13-44
141            android:screenOrientation="portrait"
141-->[lib.5plus.base-release.aar] AndroidManifest.xml:188:13-49
142            android:taskAffinity=":stream"
142-->[lib.5plus.base-release.aar] AndroidManifest.xml:189:13-43
143            android:theme="@style/DCloudTheme"
143-->[lib.5plus.base-release.aar] AndroidManifest.xml:190:13-47
144            android:windowSoftInputMode="adjustResize" />
144-->[lib.5plus.base-release.aar] AndroidManifest.xml:191:13-55
145        <activity
145-->[lib.5plus.base-release.aar] AndroidManifest.xml:192:9-198:75
146            android:name="io.dcloud.ProcessMediator"
146-->[lib.5plus.base-release.aar] AndroidManifest.xml:193:13-53
147            android:excludeFromRecents="true"
147-->[lib.5plus.base-release.aar] AndroidManifest.xml:194:13-46
148            android:exported="false"
148-->[lib.5plus.base-release.aar] AndroidManifest.xml:195:13-37
149            android:label="@string/app_name"
149-->[lib.5plus.base-release.aar] AndroidManifest.xml:196:13-45
150            android:launchMode="singleTop"
150-->[lib.5plus.base-release.aar] AndroidManifest.xml:197:13-43
151            android:theme="@android:style/Theme.Translucent.NoTitleBar" />
151-->[lib.5plus.base-release.aar] AndroidManifest.xml:198:13-72
152        <activity
152-->[lib.5plus.base-release.aar] AndroidManifest.xml:199:9-205:20
153            android:name="io.dcloud.WebviewActivity"
153-->[lib.5plus.base-release.aar] AndroidManifest.xml:200:13-53
154            android:exported="false"
154-->[lib.5plus.base-release.aar] AndroidManifest.xml:201:13-37
155            android:screenOrientation="portrait"
155-->[lib.5plus.base-release.aar] AndroidManifest.xml:202:13-49
156            android:theme="@style/ThemeNoTitleBar"
156-->[lib.5plus.base-release.aar] AndroidManifest.xml:203:13-51
157            android:windowSoftInputMode="adjustPan" >
157-->[lib.5plus.base-release.aar] AndroidManifest.xml:204:13-52
158        </activity>
159
160        <receiver
160-->[lib.5plus.base-release.aar] AndroidManifest.xml:207:9-218:20
161            android:name="io.dcloud.common.adapter.io.DownloadReceiver"
161-->[lib.5plus.base-release.aar] AndroidManifest.xml:208:13-72
162            android:exported="false" >
162-->[lib.5plus.base-release.aar] AndroidManifest.xml:209:13-37
163            <intent-filter>
163-->[lib.5plus.base-release.aar] AndroidManifest.xml:210:13-212:29
164                <action android:name="android.intent.action.DOWNLOAD_COMPLETE" />
164-->[lib.5plus.base-release.aar] AndroidManifest.xml:211:17-82
164-->[lib.5plus.base-release.aar] AndroidManifest.xml:211:25-79
165            </intent-filter>
166            <intent-filter>
166-->[lib.5plus.base-release.aar] AndroidManifest.xml:213:13-217:29
167                <action android:name="android.intent.action.PACKAGE_ADDED" />
167-->[lib.5plus.base-release.aar] AndroidManifest.xml:214:17-78
167-->[lib.5plus.base-release.aar] AndroidManifest.xml:214:25-75
168
169                <data android:scheme="package" /> <!-- HERE! -->
169-->src\main\AndroidManifest.xml:41:17-50
169-->src\main\AndroidManifest.xml:41:23-48
170            </intent-filter>
171        </receiver>
172        <!--
173        <provider
174            android:name="io.dcloud.common.util.DCloud_FileProvider"
175            android:authorities="${apk.applicationId}.dc.fileprovider"
176            android:exported="false"
177            android:grantUriPermissions="true">
178            <meta-data
179                android:name="android.support.FILE_PROVIDER_PATHS"
180                android:resource="@xml/dcloud_file_provider" />
181        </provider>
182        -->
183        <!--
184            <meta-data
185            android:name="DCLOUD_STREAMAPP_CHANNEL"
186            android:value="io.dcloud.%APPID%|%APPID%|" />
187        -->
188        <meta-data
188-->[lib.5plus.base-release.aar] AndroidManifest.xml:236:9-238:35
189            android:name="android.max_aspect"
189-->[lib.5plus.base-release.aar] AndroidManifest.xml:237:13-46
190            android:value="2.4" />
190-->[lib.5plus.base-release.aar] AndroidManifest.xml:238:13-32
191
192        <receiver
192-->[uniapp-v8-release.aar] AndroidManifest.xml:30:9-34:20
193            android:name="com.taobao.weex.WXGlobalEventReceiver"
193-->[uniapp-v8-release.aar] AndroidManifest.xml:31:13-65
194            android:enabled="true"
194-->[uniapp-v8-release.aar] AndroidManifest.xml:32:13-35
195            android:exported="false" >
195-->[uniapp-v8-release.aar] AndroidManifest.xml:33:13-37
196        </receiver>
197
198        <activity
198-->[:uniplugin_module] AndroidManifest.xml:12:9-14:84
199            android:name="io.dcloud.uniplugin.NativePageActivity"
199-->[:uniplugin_module] AndroidManifest.xml:13:13-66
200            android:theme="@android:style/Theme.DeviceDefault.Light.NoActionBar" />
200-->[:uniplugin_module] AndroidManifest.xml:14:13-81
201        <activity android:name="com.example.jqplugin.MainActivity" />
201-->[:jqplugin_trtc] AndroidManifest.xml:12:9-70
201-->[:jqplugin_trtc] AndroidManifest.xml:12:19-67
202    </application>
203
204</manifest>